<?xml version="1.0" encoding="UTF-8"?>
<testsuite xmlns:xsi="http://www.w3.org/2001/XMLSchema-instance" xsi:schemaLocation="https://maven.apache.org/surefire/maven-surefire-plugin/xsd/surefire-test-report.xsd" name="runner.RunnerTest" time="116.41" tests="48" errors="0" skipped="0" failures="0">
  <properties>
    <property name="java.runtime.name" value="Java(TM) SE Runtime Environment"/>
    <property name="sun.boot.library.path" value="C:\Program Files\Java\jdk1.8.0_172\jre\bin"/>
    <property name="java.vm.version" value="25.172-b11"/>
    <property name="java.vm.vendor" value="Oracle Corporation"/>
    <property name="maven.multiModuleProjectDirectory" value="C:\Users\User\workspace\Progress\AutomationPractices"/>
    <property name="java.vendor.url" value="http://java.oracle.com/"/>
    <property name="path.separator" value=";"/>
    <property name="guice.disable.misplaced.annotation.check" value="true"/>
    <property name="java.vm.name" value="Java HotSpot(TM) 64-Bit Server VM"/>
    <property name="file.encoding.pkg" value="sun.io"/>
    <property name="user.script" value=""/>
    <property name="user.country" value="GB"/>
    <property name="sun.java.launcher" value="SUN_STANDARD"/>
    <property name="sun.os.patch.level" value=""/>
    <property name="java.vm.specification.name" value="Java Virtual Machine Specification"/>
    <property name="user.dir" value="C:\Users\User\workspace\Progress\AutomationPractices"/>
    <property name="java.runtime.version" value="1.8.0_172-b11"/>
    <property name="java.awt.graphicsenv" value="sun.awt.Win32GraphicsEnvironment"/>
    <property name="java.endorsed.dirs" value="C:\Program Files\Java\jdk1.8.0_172\jre\lib\endorsed"/>
    <property name="os.arch" value="amd64"/>
    <property name="java.io.tmpdir" value="C:\Users\User\AppData\Local\Temp\"/>
    <property name="line.separator" value="&#10;"/>
    <property name="java.vm.specification.vendor" value="Oracle Corporation"/>
    <property name="user.variant" value=""/>
    <property name="os.name" value="Windows 10"/>
    <property name="classworlds.conf" value="C:\apache-maven-3.5.4\bin\..\bin\m2.conf"/>
    <property name="sun.jnu.encoding" value="Cp1252"/>
    <property name="java.library.path" value="C:\Program Files\Java\jdk1.8.0_172\bin;C:\WINDOWS\Sun\Java\bin;C:\WINDOWS\system32;C:\WINDOWS;C:\Program Files (x86)\Common Files\Oracle\Java\javapath;C:\apache-maven-3.5.4\bin;C:\apache-maven-3.5.4\bin;C:\ProgramData\chocolatey\bin;;C:\Program Files\nodejs\;C:\WINDOWS\system32;C:\WINDOWS;C:\WINDOWS\System32\Wbem;C:\WINDOWS\System32\WindowsPowerShell\v1.0\;C:\WINDOWS\System32\OpenSSH\;C:\Program Files\Microsoft VS Code\bin;C:\Users\User\.cargo\bin;C:\Users\User\AppData\Local\Microsoft\WindowsApps\C:\Program Files\Apache Maven Foundation\apache-maven-3.5.3\bin;C:\Users\User\AppData\Local\atom\bin;C:\Users\User\AppData\Roaming\npm;C:\Users\User\AppData\Local\Microsoft\WindowsApps;;."/>
    <property name="maven.conf" value="C:\apache-maven-3.5.4\bin\../conf"/>
    <property name="java.specification.name" value="Java Platform API Specification"/>
    <property name="java.class.version" value="52.0"/>
    <property name="sun.management.compiler" value="HotSpot 64-Bit Tiered Compilers"/>
    <property name="os.version" value="10.0"/>
    <property name="library.jansi.path" value="C:\apache-maven-3.5.4\bin\..\lib\jansi-native"/>
    <property name="user.home" value="C:\Users\User"/>
    <property name="user.timezone" value="Europe/London"/>
    <property name="java.awt.printerjob" value="sun.awt.windows.WPrinterJob"/>
    <property name="java.specification.version" value="1.8"/>
    <property name="file.encoding" value="Cp1252"/>
    <property name="user.name" value="User"/>
    <property name="java.class.path" value="C:\apache-maven-3.5.4\bin\..\boot\plexus-classworlds-2.5.2.jar"/>
    <property name="java.vm.specification.version" value="1.8"/>
    <property name="sun.arch.data.model" value="64"/>
    <property name="java.home" value="C:\Program Files\Java\jdk1.8.0_172\jre"/>
    <property name="sun.java.command" value="org.codehaus.plexus.classworlds.launcher.Launcher clean test"/>
    <property name="java.specification.vendor" value="Oracle Corporation"/>
    <property name="user.language" value="en"/>
    <property name="awt.toolkit" value="sun.awt.windows.WToolkit"/>
    <property name="java.vm.info" value="mixed mode"/>
    <property name="java.version" value="1.8.0_172"/>
    <property name="java.ext.dirs" value="C:\Program Files\Java\jdk1.8.0_172\jre\lib\ext;C:\WINDOWS\Sun\Java\lib\ext"/>
    <property name="sun.boot.class.path" value="C:\Program Files\Java\jdk1.8.0_172\jre\lib\resources.jar;C:\Program Files\Java\jdk1.8.0_172\jre\lib\rt.jar;C:\Program Files\Java\jdk1.8.0_172\jre\lib\sunrsasign.jar;C:\Program Files\Java\jdk1.8.0_172\jre\lib\jsse.jar;C:\Program Files\Java\jdk1.8.0_172\jre\lib\jce.jar;C:\Program Files\Java\jdk1.8.0_172\jre\lib\charsets.jar;C:\Program Files\Java\jdk1.8.0_172\jre\lib\jfr.jar;C:\Program Files\Java\jdk1.8.0_172\jre\classes"/>
    <property name="sun.stderr.encoding" value="cp437"/>
    <property name="java.vendor" value="Oracle Corporation"/>
    <property name="maven.home" value="C:\apache-maven-3.5.4\bin\.."/>
    <property name="file.separator" value="\"/>
    <property name="java.vendor.url.bug" value="http://bugreport.sun.com/bugreport/"/>
    <property name="sun.cpu.endian" value="little"/>
    <property name="sun.io.unicode.encoding" value="UnicodeLittle"/>
    <property name="sun.stdout.encoding" value="cp437"/>
    <property name="sun.desktop" value="windows"/>
    <property name="sun.cpu.isalist" value="amd64"/>
  </properties>
  <testcase name="Given I am  on the Home Page" classname="| davin.riches@gmail.com | Today01 | davin riches |" time="0.017"/>
  <testcase name="And I see a logo banner" classname="| davin.riches@gmail.com | Today01 | davin riches |" time="0"/>
  <testcase name="When I click sign in" classname="| davin.riches@gmail.com | Today01 | davin riches |" time="0"/>
  <testcase name="And I login in with correct &quot;davin.riches@gmail.com&quot; and &quot;Today01&quot;" classname="| davin.riches@gmail.com | Today01 | davin riches |" time="0"/>
  <testcase name="Then I should see &quot;davin riches&quot; on the dashboard" classname="| davin.riches@gmail.com | Today01 | davin riches |" time="0"/>
  <testcase name="| davin.riches@gmail.com | Today01 | davin riches |" classname="| davin.riches@gmail.com | Today01 | davin riches |" time="0.002"/>
  <testcase name="Given I am  on the Home Page" classname="| escosolo7@gmail.com | Ikeama78 | Emeka Onourha |" time="0"/>
  <testcase name="And I see a logo banner" classname="| escosolo7@gmail.com | Ikeama78 | Emeka Onourha |" time="0"/>
  <testcase name="When I click sign in" classname="| escosolo7@gmail.com | Ikeama78 | Emeka Onourha |" time="0"/>
  <testcase name="And I login in with correct &quot;escosolo7@gmail.com&quot; and &quot;Ikeama78&quot;" classname="| escosolo7@gmail.com | Ikeama78 | Emeka Onourha |" time="0"/>
  <testcase name="Then I should see &quot;Emeka Onourha&quot; on the dashboard" classname="| escosolo7@gmail.com | Ikeama78 | Emeka Onourha |" time="0"/>
  <testcase name="| escosolo7@gmail.com | Ikeama78 | Emeka Onourha |" classname="| escosolo7@gmail.com | Ikeama78 | Emeka Onourha |" time="0"/>
  <testcase name="Given I am  on the Home Page" classname="| davin.riches@gmail.com | Today2 | Authentication failed. |" time="0"/>
  <testcase name="And I see a logo banner" classname="| davin.riches@gmail.com | Today2 | Authentication failed. |" time="0"/>
  <testcase name="When I click sign in" classname="| davin.riches@gmail.com | Today2 | Authentication failed. |" time="0"/>
  <testcase name="When I try to log in with incorrect  &quot;davin.riches@gmail.com&quot; or incorrect &quot;Today2&quot;" classname="| davin.riches@gmail.com | Today2 | Authentication failed. |" time="0"/>
  <testcase name="Then I should see error &quot;Authentication failed.&quot;" classname="| davin.riches@gmail.com | Today2 | Authentication failed. |" time="0.001"/>
  <testcase name="| davin.riches@gmail.com | Today2 | Authentication failed. |" classname="| davin.riches@gmail.com | Today2 | Authentication failed. |" time="0.001"/>
  <testcase name="Given I am  on the Home Page" classname="| esco@yahmail.com | Ikeama78 | Authentication failed. |" time="0"/>
  <testcase name="And I see a logo banner" classname="| esco@yahmail.com | Ikeama78 | Authentication failed. |" time="0"/>
  <testcase name="When I click sign in" classname="| esco@yahmail.com | Ikeama78 | Authentication failed. |" time="0"/>
  <testcase name="When I try to log in with incorrect  &quot;esco@yahmail.com&quot; or incorrect &quot;Ikeama78&quot;" classname="| esco@yahmail.com | Ikeama78 | Authentication failed. |" time="0"/>
  <testcase name="Then I should see error &quot;Authentication failed.&quot;" classname="| esco@yahmail.com | Ikeama78 | Authentication failed. |" time="0"/>
  <testcase name="| esco@yahmail.com | Ikeama78 | Authentication failed. |" classname="| esco@yahmail.com | Ikeama78 | Authentication failed. |" time="0"/>
  <testcase name="Given I am  on the Home Page" classname="| christodibo@yaho | To7@ | Invalid password. |" time="0"/>
  <testcase name="And I see a logo banner" classname="| christodibo@yaho | To7@ | Invalid password. |" time="0"/>
  <testcase name="When I click sign in" classname="| christodibo@yaho | To7@ | Invalid password. |" time="0"/>
  <testcase name="When I try to log in with incorrect  &quot;christodibo@yaho&quot; or incorrect &quot;To7@&quot;" classname="| christodibo@yaho | To7@ | Invalid password. |" time="0"/>
  <testcase name="Then I should see error &quot;Invalid password.&quot;" classname="| christodibo@yaho | To7@ | Invalid password. |" time="0"/>
  <testcase name="| christodibo@yaho | To7@ | Invalid password. |" classname="| christodibo@yaho | To7@ | Invalid password. |" time="0.001"/>
  <testcase name="Given I am  on the Home Page" classname="| davin.riches@gmail.com |  | Password is required. |" time="0"/>
  <testcase name="And I see a logo banner" classname="| davin.riches@gmail.com |  | Password is required. |" time="0"/>
  <testcase name="When I click sign in" classname="| davin.riches@gmail.com |  | Password is required. |" time="0"/>
  <testcase name="When I try to log in with blank  &quot;davin.riches@gmail.com&quot; or &quot;&quot;" classname="| davin.riches@gmail.com |  | Password is required. |" time="0"/>
  <testcase name="Then I validate  &quot;Password is required.&quot;" classname="| davin.riches@gmail.com |  | Password is required. |" time="0"/>
  <testcase name="| davin.riches@gmail.com |  | Password is required. |" classname="| davin.riches@gmail.com |  | Password is required. |" time="0"/>
  <testcase name="Given I am  on the Home Page" classname="|  | Today01 | An email address required. |" time="0"/>
  <testcase name="And I see a logo banner" classname="|  | Today01 | An email address required. |" time="0"/>
  <testcase name="When I click sign in" classname="|  | Today01 | An email address required. |" time="0"/>
  <testcase name="When I try to log in with blank  &quot;&quot; or &quot;Today01&quot;" classname="|  | Today01 | An email address required. |" time="0"/>
  <testcase name="Then I validate  &quot;An email address required.&quot;" classname="|  | Today01 | An email address required. |" time="0"/>
  <testcase name="|  | Today01 | An email address required. |" classname="|  | Today01 | An email address required. |" time="0"/>
  <testcase name="Given I am  on the Home Page" classname="|  |  | An email address required. |" time="0"/>
  <testcase name="And I see a logo banner" classname="|  |  | An email address required. |" time="0"/>
  <testcase name="When I click sign in" classname="|  |  | An email address required. |" time="0"/>
  <testcase name="When I try to log in with blank  &quot;&quot; or &quot;&quot;" classname="|  |  | An email address required. |" time="0"/>
  <testcase name="Then I validate  &quot;An email address required.&quot;" classname="|  |  | An email address required. |" time="0"/>
  <testcase name="|  |  | An email address required. |" classname="|  |  | An email address required. |" time="0.001"/>
</testsuite>